<?xml version="1.0" encoding="UTF-8"?>
<!-- Generated by org.testng.reporters.JUnitReportReporter -->
<testsuite hostname="LAPTOP-3FF73V8C" failures="0" tests="1" name="com.verify.testng.DynamicWebTable" time="15.960" errors="0" timestamp="14 May 2020 18:08:56 GMT">
  <testcase classname="com.verify.testng.DynamicWebTable" name="dynamicTable" time="15.960"/>
</testsuite> <!-- com.verify.testng.DynamicWebTable -->
