<?xml version="1.0" encoding="UTF-8"?>
<!-- Generated by org.testng.reporters.JUnitReportReporter -->
<testsuite hostname="LAPTOP-3FF73V8C" failures="0" tests="3" name="com.verify.testng.DependOnmethod" time="0.016" errors="0" timestamp="18 Apr 2020 16:24:32 GMT">
  <testcase classname="com.verify.testng.DependOnmethod" name="m3" time="0.000"/>
  <testcase classname="com.verify.testng.DependOnmethod" name="m1" time="0.004"/>
  <testcase classname="com.verify.testng.DependOnmethod" name="m2" time="0.012"/>
</testsuite> <!-- com.verify.testng.DependOnmethod -->
