<?xml version="1.0" encoding="UTF-8"?>
<!-- Generated by org.testng.reporters.JUnitReportReporter -->
<testsuite hostname="LAPTOP-3FF73V8C" name="Flipkart.FlipkartDemo" tests="1" failures="0" timestamp="16 Jul 2020 11:46:37 GMT" time="27.490" errors="0">
  <testcase name="flipkartDemo" time="27.490" classname="Flipkart.FlipkartDemo"/>
</testsuite> <!-- Flipkart.FlipkartDemo -->
