<?xml version="1.0" encoding="UTF-8"?>
<!-- Generated by org.testng.reporters.JUnitReportReporter -->
<testsuite hostname="LAPTOP-3FF73V8C" failures="0" tests="1" name="Groups.Groups_Practise" time="0.014" errors="0" timestamp="31 May 2020 07:41:33 GMT">
  <testcase classname="Groups.Groups_Practise" name="groupsname3" time="0.014"/>
</testsuite> <!-- Groups.Groups_Practise -->
