<?xml version="1.0" encoding="UTF-8"?>
<!-- Generated by org.testng.reporters.JUnitReportReporter -->
<testsuite hostname="LAPTOP-3FF73V8C" name="TablesConcept.InternetPractise" tests="1" failures="0" timestamp="8 Jul 2020 07:44:19 GMT" time="11.353" errors="0">
  <testcase name="internet" time="11.353" classname="TablesConcept.InternetPractise"/>
</testsuite> <!-- TablesConcept.InternetPractise -->
