<?xml version="1.0" encoding="UTF-8"?>
<!-- Generated by org.testng.reporters.JUnitReportReporter -->
<testsuite hostname="LAPTOP-3FF73V8C" name="TablesConcept.Table" tests="1" failures="0" timestamp="7 Jul 2020 10:02:29 GMT" time="7.864" errors="0">
  <testcase name="tableConcept" time="7.864" classname="TablesConcept.Table"/>
</testsuite> <!-- TablesConcept.Table -->
