<?xml version="1.0" encoding="UTF-8"?>
<!-- Generated by org.testng.reporters.JUnitReportReporter -->
<testsuite hostname="LAPTOP-M2R423A9" failures="0" tests="1" name="com.seleniumdropdown.practise.DropdownPractise" time="6.027" errors="0" timestamp="2 Mar 2021 08:28:14 GMT">
  <testcase classname="com.seleniumdropdown.practise.DropdownPractise" name="dropdownSelect" time="6.027"/>
</testsuite> <!-- com.seleniumdropdown.practise.DropdownPractise -->
