<?xml version="1.0" encoding="UTF-8"?>
<!-- Generated by org.testng.reporters.JUnitReportReporter -->
<testsuite hostname="LAPTOP-M2R423A9" failures="0" tests="1" name="PractiseSelenium.SeleniumDemo_1" time="14.976" errors="0" timestamp="28 Mar 2021 11:55:29 GMT">
  <testcase classname="PractiseSelenium.SeleniumDemo_1" name="websiteTest" time="14.976"/>
</testsuite> <!-- PractiseSelenium.SeleniumDemo_1 -->
