<?xml version="1.0" encoding="UTF-8"?>
<!-- Generated by org.testng.reporters.JUnitReportReporter -->
<testsuite hostname="LAPTOP-3FF73V8C" failures="0" tests="2" name="DependsOnMethods.Depend_On_Method" time="0.014" errors="0" timestamp="16 May 2020 10:07:57 GMT">
  <testcase classname="DependsOnMethods.Depend_On_Method" name="m2" time="0.013"/>
  <testcase classname="DependsOnMethods.Depend_On_Method" name="m1" time="0.001"/>
</testsuite> <!-- DependsOnMethods.Depend_On_Method -->
