<?xml version="1.0" encoding="UTF-8"?>
<!-- Generated by org.testng.reporters.JUnitReportReporter -->
<testsuite hostname="LAPTOP-3FF73V8C" failures="0" tests="1" name="RetrivingExcelData_XSSF.ExcelData" time="0.573" errors="0" timestamp="21 May 2020 12:39:52 GMT">
  <testcase classname="RetrivingExcelData_XSSF.ExcelData" name="excelData" time="0.573"/>
</testsuite> <!-- RetrivingExcelData_XSSF.ExcelData -->
