<?xml version="1.0" encoding="UTF-8"?>
<!-- Generated by org.testng.reporters.JUnitReportReporter -->
<testsuite hostname="LAPTOP-3FF73V8C" name="SeleniumPractise.Calender" tests="1" failures="0" timestamp="10 Jul 2020 07:41:24 GMT" time="7.487" errors="0">
  <testcase name="calender" time="7.487" classname="SeleniumPractise.Calender"/>
</testsuite> <!-- SeleniumPractise.Calender -->
