<?xml version="1.0" encoding="UTF-8"?>
<!-- Generated by org.testng.reporters.JUnitReportReporter -->
<testsuite hostname="LAPTOP-M2R423A9" failures="0" tests="1" name="ITSConcept.ITSClass" time="11.865" errors="0" timestamp="16 May 2021 16:02:59 GMT">
  <testcase classname="ITSConcept.ITSClass" name="testIts" time="11.865"/>
</testsuite> <!-- ITSConcept.ITSClass -->
