<?xml version="1.0" encoding="UTF-8"?>
<!-- Generated by org.testng.reporters.JUnitReportReporter -->
<testsuite hostname="LAPTOP-3FF73V8C" failures="0" tests="2" name="MethodInclude_Exclude.Method_Include_Exclude" time="0.016" errors="0" timestamp="1 Jun 2020 06:50:53 GMT">
  <testcase classname="MethodInclude_Exclude.Method_Include_Exclude" name="m1" time="0.015"/>
  <testcase classname="MethodInclude_Exclude.Method_Include_Exclude" name="m2" time="0.001"/>
</testsuite> <!-- MethodInclude_Exclude.Method_Include_Exclude -->
