<?xml version="1.0" encoding="UTF-8"?>
<!-- Generated by org.testng.reporters.JUnitReportReporter -->
<testsuite hostname="LAPTOP-3FF73V8C" failures="0" tests="1" name="com.extendReport.ExtendReportLearning" time="0.990" errors="0" timestamp="22 May 2020 02:14:45 GMT">
  <testcase classname="com.extendReport.ExtendReportLearning" name="extendReport" time="0.990"/>
</testsuite> <!-- com.extendReport.ExtendReportLearning -->
