<?xml version="1.0" encoding="UTF-8"?>
<!-- Generated by org.testng.reporters.JUnitReportReporter -->
<testsuite hostname="LAPTOP-3FF73V8C" name="SeleniumPractise.CalenderClass" tests="1" failures="0" timestamp="7 Jul 2020 07:36:03 GMT" time="0.059" errors="0">
  <testcase name="calenderClass" time="0.059" classname="SeleniumPractise.CalenderClass"/>
</testsuite> <!-- SeleniumPractise.CalenderClass -->
