<?xml version="1.0" encoding="UTF-8"?>
<!-- Generated by org.testng.reporters.JUnitReportReporter -->
<testsuite hostname="LAPTOP-3FF73V8C" failures="0" tests="1" name="com.verify.testng.UploadFileConcept" time="8.094" errors="0" timestamp="6 May 2020 12:04:58 GMT">
  <testcase classname="com.verify.testng.UploadFileConcept" name="fileConcept" time="8.094"/>
</testsuite> <!-- com.verify.testng.UploadFileConcept -->
