<?xml version="1.0" encoding="UTF-8"?>
<!-- Generated by org.testng.reporters.JUnitReportReporter -->
<testsuite hostname="LAPTOP-3FF73V8C" failures="0" tests="2" name="com.verify.testng.SetupTestng" time="0.018" errors="0" timestamp="17 Apr 2020 05:43:21 GMT">
  <testcase classname="com.verify.testng.SetupTestng" name="m1" time="0.017"/>
  <testcase classname="com.verify.testng.SetupTestng" name="m2" time="0.001"/>
</testsuite> <!-- com.verify.testng.SetupTestng -->
