<?xml version="1.0" encoding="UTF-8"?>
<!-- Generated by org.testng.reporters.JUnitReportReporter -->
<testsuite hostname="LAPTOP-3FF73V8C" failures="0" tests="3" name="Practise.ArraysPractise" time="0.051" errors="0" timestamp="27 May 2020 18:32:04 GMT">
  <testcase classname="Practise.ArraysPractise" name="m3" time="0.033"/>
  <testcase classname="Practise.ArraysPractise" name="m2" time="0.004"/>
  <testcase classname="Practise.ArraysPractise" name="m1" time="0.014"/>
</testsuite> <!-- Practise.ArraysPractise -->
