<?xml version="1.0" encoding="UTF-8"?>
<!-- Generated by org.testng.reporters.JUnitReportReporter -->
<testsuite hostname="LAPTOP-3FF73V8C" name="TablesConcept.BootStrapSearchBox" tests="1" failures="0" timestamp="7 Jul 2020 11:15:00 GMT" time="9.551" errors="0">
  <testcase name="searchBox" time="9.551" classname="TablesConcept.BootStrapSearchBox"/>
</testsuite> <!-- TablesConcept.BootStrapSearchBox -->
