<?xml version="1.0" encoding="UTF-8"?>
<!-- Generated by org.testng.reporters.JUnitReportReporter -->
<testsuite hostname="LAPTOP-3FF73V8C" failures="0" tests="1" name="com.verify.testng.FlipkartTest" time="10.232" errors="0" timestamp="29 Apr 2020 13:17:00 GMT">
  <testcase classname="com.verify.testng.FlipkartTest" name="flipkartTest" time="10.232"/>
</testsuite> <!-- com.verify.testng.FlipkartTest -->
