<?xml version="1.0" encoding="UTF-8"?>
<!-- Generated by org.testng.reporters.JUnitReportReporter -->
<testsuite hostname="LAPTOP-3FF73V8C" failures="0" tests="2" name="com.verify.testng.DataProviderTag" time="0.015" errors="0" timestamp="18 Apr 2020 08:16:28 GMT">
  <testcase classname="com.verify.testng.DataProviderTag" name="m1" time="0.013"/>
  <testcase classname="com.verify.testng.DataProviderTag" name="m1" time="0.002"/>
</testsuite> <!-- com.verify.testng.DataProviderTag -->
