<?xml version="1.0" encoding="UTF-8"?>
<!-- Generated by org.testng.reporters.JUnitReportReporter -->
<testsuite hostname="LAPTOP-3FF73V8C" name="TablesConcept.BootStrapWebTableCopyPaste" tests="1" failures="0" timestamp="7 Jul 2020 10:52:22 GMT" time="17.671" errors="0">
  <testcase name="webTable" time="17.671" classname="TablesConcept.BootStrapWebTableCopyPaste"/>
</testsuite> <!-- TablesConcept.BootStrapWebTableCopyPaste -->
