<?xml version="1.0" encoding="UTF-8"?>
<!-- Generated by org.testng.reporters.JUnitReportReporter -->
<testsuite hostname="LAPTOP-3FF73V8C" failures="0" tests="2" name="DataProvider.DataProvider_Practise" time="0.014" errors="0" timestamp="31 May 2020 07:28:41 GMT">
  <testcase classname="DataProvider.DataProvider_Practise" name="testDataProvider" time="0.012"/>
  <testcase classname="DataProvider.DataProvider_Practise" name="testDataProvider" time="0.002"/>
</testsuite> <!-- DataProvider.DataProvider_Practise -->
