<?xml version="1.0" encoding="UTF-8"?>
<!-- Generated by org.testng.reporters.JUnitReportReporter -->
<testsuite hostname="LAPTOP-3FF73V8C" failures="0" tests="1" name="com.verify.testng.GoogleInvoke" time="17.307" errors="0" timestamp="17 Apr 2020 16:15:53 GMT">
  <testcase classname="com.verify.testng.GoogleInvoke" name="googleInvoke" time="17.307"/>
</testsuite> <!-- com.verify.testng.GoogleInvoke -->
