<?xml version="1.0" encoding="UTF-8"?>
<!-- Generated by org.testng.reporters.JUnitReportReporter -->
<testsuite hostname="LAPTOP-3FF73V8C" failures="0" tests="1" name="com.verify.testng.GoogleLogs" time="1.997" errors="0" timestamp="20 Apr 2020 03:02:53 GMT">
  <testcase classname="com.verify.testng.GoogleLogs" name="googleLogs" time="1.997"/>
</testsuite> <!-- com.verify.testng.GoogleLogs -->
