<?xml version="1.0" encoding="UTF-8"?>
<!-- Generated by org.testng.reporters.JUnitReportReporter -->
<testsuite hostname="LAPTOP-3FF73V8C" name="SeleniumPractise.WebsiteTest" tests="1" failures="0" timestamp="6 Jul 2020 18:33:03 GMT" time="16.170" errors="0">
  <testcase name="datePicker" time="16.170" classname="SeleniumPractise.WebsiteTest"/>
</testsuite> <!-- SeleniumPractise.WebsiteTest -->
