<?xml version="1.0" encoding="UTF-8"?>
<!-- Generated by org.testng.reporters.JUnitReportReporter -->
<testsuite hostname="LAPTOP-3FF73V8C" failures="0" tests="3" name="com.verify.testng.Data" time="59.450" errors="0" timestamp="18 Apr 2020 14:41:53 GMT">
  <testcase classname="com.verify.testng.Data" name="m6" time="19.729"/>
  <testcase classname="com.verify.testng.Data" name="m6" time="22.658"/>
  <testcase classname="com.verify.testng.Data" name="m6" time="17.063"/>
</testsuite> <!-- com.verify.testng.Data -->
