<?xml version="1.0" encoding="UTF-8"?>
<!-- Generated by org.testng.reporters.JUnitReportReporter -->
<testsuite hostname="LAPTOP-3FF73V8C" failures="0" tests="1" name="com.verify.testng.PDFRead" time="1.009" errors="0" timestamp="6 May 2020 12:35:27 GMT">
  <testcase classname="com.verify.testng.PDFRead" name="PdfRedaer" time="1.009"/>
</testsuite> <!-- com.verify.testng.PDFRead -->
