<?xml version="1.0" encoding="UTF-8"?>
<!-- Generated by org.testng.reporters.JUnitReportReporter -->
<testsuite hostname="LAPTOP-3FF73V8C" failures="0" tests="1" name="com.verify.testng.ParametersTag" time="34.259" errors="0" timestamp="18 Apr 2020 07:47:03 GMT">
  <testcase classname="com.verify.testng.ParametersTag" name="parametersTag" time="34.259"/>
</testsuite> <!-- com.verify.testng.ParametersTag -->
