<?xml version="1.0" encoding="UTF-8"?>
<!-- Generated by org.testng.reporters.JUnitReportReporter -->
<testsuite hostname="LAPTOP-3FF73V8C" failures="0" tests="2" name="com.crossbrowsingtesting.CrossBrowsingTesting" time="4.714" errors="0" timestamp="21 May 2020 12:04:52 GMT">
  <testcase classname="com.crossbrowsingtesting.CrossBrowsingTesting" name="crossBrowsingTesting" time="2.357"/>
  <testcase classname="com.crossbrowsingtesting.CrossBrowsingTesting" name="crossBrowsingTesting" time="2.357"/>
</testsuite> <!-- com.crossbrowsingtesting.CrossBrowsingTesting -->
