<?xml version="1.0" encoding="UTF-8"?>
<!-- Generated by org.testng.reporters.JUnitReportReporter -->
<testsuite hostname="LAPTOP-M2R423A9" failures="0" tests="1" name="ITSConcept.ITSClass" time="10.471" errors="0" timestamp="2 May 2021 15:40:22 GMT">
  <testcase classname="ITSConcept.ITSClass" name="testIts" time="10.471"/>
</testsuite> <!-- ITSConcept.ITSClass -->
