<?xml version="1.0" encoding="UTF-8"?>
<!-- Generated by org.testng.reporters.JUnitReportReporter -->
<testsuite hostname="LAPTOP-3FF73V8C" name="FashionWebSite.FashionWebsite" tests="1" failures="0" timestamp="23 Jun 2020 12:53:35 GMT" time="24.254" errors="0">
  <testcase name="fashion" time="24.254" classname="FashionWebSite.FashionWebsite"/>
</testsuite> <!-- FashionWebSite.FashionWebsite -->
