<?xml version="1.0" encoding="UTF-8"?>
<!-- Generated by org.testng.reporters.JUnitReportReporter -->
<testsuite hostname="LAPTOP-M2R423A9" failures="0" tests="1" name="Annotations.TestScenario" time="0.013" errors="0" timestamp="25 Apr 2021 16:40:10 GMT">
  <testcase classname="Annotations.TestScenario" name="testScenario" time="0.013"/>
</testsuite> <!-- Annotations.TestScenario -->
