<?xml version="1.0" encoding="UTF-8"?>
<!-- Generated by org.testng.reporters.JUnitReportReporter -->
<testsuite hostname="LAPTOP-3FF73V8C" failures="0" tests="2" name="com.verify.testng.GroupsTest" time="0.012" errors="0" timestamp="18 Apr 2020 16:45:46 GMT">
  <testcase classname="com.verify.testng.GroupsTest" name="groupTest" time="0.012"/>
  <testcase classname="com.verify.testng.GroupsTest" name="groupTest1" time="0.000"/>
</testsuite> <!-- com.verify.testng.GroupsTest -->
