<?xml version="1.0" encoding="UTF-8"?>
<!-- Generated by org.testng.reporters.JUnitReportReporter -->
<testsuite hostname="LAPTOP-3FF73V8C" failures="0" tests="1" name="com.verify.testng.PractiseWebSite" time="40.311" errors="0" timestamp="19 Apr 2020 14:47:17 GMT">
  <testcase classname="com.verify.testng.PractiseWebSite" name="setup" time="40.311"/>
</testsuite> <!-- com.verify.testng.PractiseWebSite -->
