<?xml version="1.0" encoding="UTF-8"?>
<!-- Generated by org.testng.reporters.JUnitReportReporter -->
<testsuite hostname="LAPTOP-3FF73V8C" failures="0" tests="1" name="Parameters.Parameters_Practise" time="0.021" errors="0" timestamp="31 May 2020 07:14:09 GMT">
  <testcase classname="Parameters.Parameters_Practise" name="parameters_demo" time="0.021"/>
</testsuite> <!-- Parameters.Parameters_Practise -->
