<?xml version="1.0" encoding="UTF-8"?>
<!-- Generated by org.testng.reporters.JUnitReportReporter -->
<testsuite hostname="LAPTOP-M2R423A9" failures="0" tests="1" name="Flipkart.FlipkartDemo" time="16.480" errors="0" timestamp="30 May 2021 12:18:03 GMT">
  <testcase classname="Flipkart.FlipkartDemo" name="flipkartDemo" time="16.480"/>
</testsuite> <!-- Flipkart.FlipkartDemo -->
