<?xml version="1.0" encoding="UTF-8"?>
<!-- Generated by org.testng.reporters.JUnitReportReporter -->
<testsuite hostname="LAPTOP-3FF73V8C" failures="0" tests="1" name="com.Log4j.GenerateLogs_4j" time="0.036" errors="0" timestamp="22 May 2020 07:12:33 GMT">
  <testcase classname="com.Log4j.GenerateLogs_4j" name="logs" time="0.036"/>
</testsuite> <!-- com.Log4j.GenerateLogs_4j -->
