<?xml version="1.0" encoding="UTF-8"?>
<!-- Generated by org.testng.reporters.JUnitReportReporter -->
<testsuite hostname="LAPTOP-3FF73V8C" failures="0" tests="2" name="Annotations.DifferentAnotations" time="0.007" errors="0" timestamp="31 May 2020 07:52:02 GMT">
  <testcase classname="Annotations.DifferentAnotations" name="test" time="0.006"/>
  <testcase classname="Annotations.DifferentAnotations" name="test2" time="0.001"/>
</testsuite> <!-- Annotations.DifferentAnotations -->
